[debug] [2025-08-25T09:40:17.765Z] ----------------------------------------------------------------------
[debug] [2025-08-25T09:40:17.770Z] Command:       /Users/Mukira/.nvm/versions/node/v22.18.0/bin/node /Users/Mukira/.nvm/versions/node/v18.20.4/bin/firebase init hosting
[debug] [2025-08-25T09:40:17.770Z] CLI Version:   13.17.0
[debug] [2025-08-25T09:40:17.771Z] Platform:      darwin
[debug] [2025-08-25T09:40:17.771Z] Node Version:  v22.18.0
[debug] [2025-08-25T09:40:17.771Z] Time:          Mon Aug 25 2025 12:40:17 GMT+0300 (East Africa Time)
[debug] [2025-08-25T09:40:17.771Z] ----------------------------------------------------------------------
[debug] 
[debug] [2025-08-25T09:40:17.780Z] > command requires scopes: ["email","openid","https://www.googleapis.com/auth/cloudplatformprojects.readonly","https://www.googleapis.com/auth/firebase","https://www.googleapis.com/auth/cloud-platform"]
[debug] [2025-08-25T09:40:17.780Z] > authorizing via signed-in user (rojdevensky@gmail.com)
[info] 
     ######## #### ########  ######## ########     ###     ######  ########
     ##        ##  ##     ## ##       ##     ##  ##   ##  ##       ##
     ######    ##  ########  ######   ########  #########  ######  ######
     ##        ##  ##    ##  ##       ##     ## ##     ##       ## ##
     ##       #### ##     ## ######## ########  ##     ##  ######  ########

You're about to initialize a Firebase project in this directory:

  /Users/Mukira/Downloads/animated-logo

[info] 
=== Project Setup
[info] 
[info] First, let's associate this project directory with a Firebase project.
[info] You can create multiple project aliases by running firebase use --add, 
[info] but for now we'll just set up a default project.
[info] 
[debug] [2025-08-25T09:40:26.811Z] > refreshing access token with scopes: []
[debug] [2025-08-25T09:40:26.814Z] >>> [apiv2][query] POST https://www.googleapis.com/oauth2/v3/token [none]
[debug] [2025-08-25T09:40:26.814Z] >>> [apiv2][body] POST https://www.googleapis.com/oauth2/v3/token [omitted]
[debug] [2025-08-25T09:40:27.184Z] <<< [apiv2][status] POST https://www.googleapis.com/oauth2/v3/token 400
[debug] [2025-08-25T09:40:27.184Z] <<< [apiv2][body] POST https://www.googleapis.com/oauth2/v3/token [omitted]
[debug] [2025-08-25T09:40:27.184Z] >>> [apiv2][query] GET https://firebase.googleapis.com/v1beta1/projects pageSize=100
[debug] [2025-08-25T09:40:27.472Z] <<< [apiv2][status] GET https://firebase.googleapis.com/v1beta1/projects 401
[debug] [2025-08-25T09:40:27.472Z] <<< [apiv2][body] GET https://firebase.googleapis.com/v1beta1/projects [omitted]
[debug] [2025-08-25T09:40:27.472Z] HTTP Error: 401, Request had invalid authentication credentials. Expected OAuth 2 access token, login cookie or other valid authentication credential. See https://developers.google.com/identity/sign-in/web/devconsole-project.
[debug] [2025-08-25T09:40:27.756Z] FirebaseError: HTTP Error: 401, Request had invalid authentication credentials. Expected OAuth 2 access token, login cookie or other valid authentication credential. See https://developers.google.com/identity/sign-in/web/devconsole-project.
    at responseToError (/Users/Mukira/.nvm/versions/node/v18.20.4/lib/node_modules/firebase-tools/lib/responseToError.js:49:12)
    at RetryOperation._fn (/Users/Mukira/.nvm/versions/node/v18.20.4/lib/node_modules/firebase-tools/lib/apiv2.js:305:77)
    at process.processTicksAndRejections (node:internal/process/task_queues:105:5)
[error] 
[error] Error: Failed to list Firebase projects. See firebase-debug.log for more info.
[debug] [2025-08-25T09:40:38.126Z] ----------------------------------------------------------------------
[debug] [2025-08-25T09:40:38.130Z] Command:       /Users/Mukira/.nvm/versions/node/v22.18.0/bin/node /Users/Mukira/.nvm/versions/node/v18.20.4/bin/firebase init hosting
[debug] [2025-08-25T09:40:38.130Z] CLI Version:   13.17.0
[debug] [2025-08-25T09:40:38.130Z] Platform:      darwin
[debug] [2025-08-25T09:40:38.131Z] Node Version:  v22.18.0
[debug] [2025-08-25T09:40:38.131Z] Time:          Mon Aug 25 2025 12:40:38 GMT+0300 (East Africa Time)
[debug] [2025-08-25T09:40:38.131Z] ----------------------------------------------------------------------
[debug] 
[debug] [2025-08-25T09:40:38.139Z] > command requires scopes: ["email","openid","https://www.googleapis.com/auth/cloudplatformprojects.readonly","https://www.googleapis.com/auth/firebase","https://www.googleapis.com/auth/cloud-platform"]
[debug] [2025-08-25T09:40:38.140Z] > authorizing via signed-in user (rojdevensky@gmail.com)
[info] 
     ######## #### ########  ######## ########     ###     ######  ########
     ##        ##  ##     ## ##       ##     ##  ##   ##  ##       ##
     ######    ##  ########  ######   ########  #########  ######  ######
     ##        ##  ##    ##  ##       ##     ## ##     ##       ## ##
     ##       #### ##     ## ######## ########  ##     ##  ######  ########

You're about to initialize a Firebase project in this directory:

  /Users/Mukira/Downloads/animated-logo

[info] 
=== Project Setup
[info] 
[info] First, let's associate this project directory with a Firebase project.
[info] You can create multiple project aliases by running firebase use --add, 
[info] but for now we'll just set up a default project.
[info] 
[debug] [2025-08-25T09:40:47.922Z] > refreshing access token with scopes: []
[debug] [2025-08-25T09:40:47.924Z] >>> [apiv2][query] POST https://www.googleapis.com/oauth2/v3/token [none]
[debug] [2025-08-25T09:40:47.924Z] >>> [apiv2][body] POST https://www.googleapis.com/oauth2/v3/token [omitted]
[debug] [2025-08-25T09:40:48.297Z] <<< [apiv2][status] POST https://www.googleapis.com/oauth2/v3/token 400
[debug] [2025-08-25T09:40:48.297Z] <<< [apiv2][body] POST https://www.googleapis.com/oauth2/v3/token [omitted]
[debug] [2025-08-25T09:40:48.297Z] >>> [apiv2][query] GET https://firebase.googleapis.com/v1beta1/projects pageSize=100
[debug] [2025-08-25T09:40:48.590Z] <<< [apiv2][status] GET https://firebase.googleapis.com/v1beta1/projects 401
[debug] [2025-08-25T09:40:48.590Z] <<< [apiv2][body] GET https://firebase.googleapis.com/v1beta1/projects [omitted]
[debug] [2025-08-25T09:40:48.590Z] HTTP Error: 401, Request had invalid authentication credentials. Expected OAuth 2 access token, login cookie or other valid authentication credential. See https://developers.google.com/identity/sign-in/web/devconsole-project.
[debug] [2025-08-25T09:40:48.894Z] FirebaseError: HTTP Error: 401, Request had invalid authentication credentials. Expected OAuth 2 access token, login cookie or other valid authentication credential. See https://developers.google.com/identity/sign-in/web/devconsole-project.
    at responseToError (/Users/Mukira/.nvm/versions/node/v18.20.4/lib/node_modules/firebase-tools/lib/responseToError.js:49:12)
    at RetryOperation._fn (/Users/Mukira/.nvm/versions/node/v18.20.4/lib/node_modules/firebase-tools/lib/apiv2.js:305:77)
    at process.processTicksAndRejections (node:internal/process/task_queues:105:5)
[error] 
[error] Error: Failed to list Firebase projects. See firebase-debug.log for more info.
[debug] [2025-08-25T09:40:56.448Z] ----------------------------------------------------------------------
[debug] [2025-08-25T09:40:56.452Z] Command:       /Users/Mukira/.nvm/versions/node/v22.18.0/bin/node /Users/Mukira/.nvm/versions/node/v18.20.4/bin/firebase init hosting
[debug] [2025-08-25T09:40:56.452Z] CLI Version:   13.17.0
[debug] [2025-08-25T09:40:56.453Z] Platform:      darwin
[debug] [2025-08-25T09:40:56.453Z] Node Version:  v22.18.0
[debug] [2025-08-25T09:40:56.453Z] Time:          Mon Aug 25 2025 12:40:56 GMT+0300 (East Africa Time)
[debug] [2025-08-25T09:40:56.453Z] ----------------------------------------------------------------------
[debug] 
[debug] [2025-08-25T09:40:56.461Z] > command requires scopes: ["email","openid","https://www.googleapis.com/auth/cloudplatformprojects.readonly","https://www.googleapis.com/auth/firebase","https://www.googleapis.com/auth/cloud-platform"]
[debug] [2025-08-25T09:40:56.462Z] > authorizing via signed-in user (rojdevensky@gmail.com)
[info] 
     ######## #### ########  ######## ########     ###     ######  ########
     ##        ##  ##     ## ##       ##     ##  ##   ##  ##       ##
     ######    ##  ########  ######   ########  #########  ######  ######
     ##        ##  ##    ##  ##       ##     ## ##     ##       ## ##
     ##       #### ##     ## ######## ########  ##     ##  ######  ########

You're about to initialize a Firebase project in this directory:

  /Users/Mukira/Downloads/animated-logo

[info] 
=== Project Setup
[info] 
[info] First, let's associate this project directory with a Firebase project.
[info] You can create multiple project aliases by running firebase use --add, 
[info] but for now we'll just set up a default project.
[info] 
[debug] [2025-08-25T09:41:00.264Z] > refreshing access token with scopes: []
[debug] [2025-08-25T09:41:00.266Z] >>> [apiv2][query] POST https://www.googleapis.com/oauth2/v3/token [none]
[debug] [2025-08-25T09:41:00.266Z] >>> [apiv2][body] POST https://www.googleapis.com/oauth2/v3/token [omitted]
[debug] [2025-08-25T09:41:00.639Z] <<< [apiv2][status] POST https://www.googleapis.com/oauth2/v3/token 400
[debug] [2025-08-25T09:41:00.639Z] <<< [apiv2][body] POST https://www.googleapis.com/oauth2/v3/token [omitted]
[debug] [2025-08-25T09:41:00.639Z] >>> [apiv2][query] GET https://firebase.googleapis.com/v1beta1/availableProjects pageSize=100
[debug] [2025-08-25T09:41:00.919Z] <<< [apiv2][status] GET https://firebase.googleapis.com/v1beta1/availableProjects 401
[debug] [2025-08-25T09:41:00.919Z] <<< [apiv2][body] GET https://firebase.googleapis.com/v1beta1/availableProjects [omitted]
[debug] [2025-08-25T09:41:00.919Z] HTTP Error: 401, Request had invalid authentication credentials. Expected OAuth 2 access token, login cookie or other valid authentication credential. See https://developers.google.com/identity/sign-in/web/devconsole-project.
[debug] [2025-08-25T09:41:01.214Z] FirebaseError: HTTP Error: 401, Request had invalid authentication credentials. Expected OAuth 2 access token, login cookie or other valid authentication credential. See https://developers.google.com/identity/sign-in/web/devconsole-project.
    at responseToError (/Users/Mukira/.nvm/versions/node/v18.20.4/lib/node_modules/firebase-tools/lib/responseToError.js:49:12)
    at RetryOperation._fn (/Users/Mukira/.nvm/versions/node/v18.20.4/lib/node_modules/firebase-tools/lib/apiv2.js:305:77)
    at process.processTicksAndRejections (node:internal/process/task_queues:105:5)
[error] 
[error] Error: Failed to list available Google Cloud Platform projects. See firebase-debug.log for more info.
[debug] [2025-08-25T09:41:05.893Z] ----------------------------------------------------------------------
[debug] [2025-08-25T09:41:05.897Z] Command:       /Users/Mukira/.nvm/versions/node/v22.18.0/bin/node /Users/Mukira/.nvm/versions/node/v18.20.4/bin/firebase init hosting
[debug] [2025-08-25T09:41:05.898Z] CLI Version:   13.17.0
[debug] [2025-08-25T09:41:05.898Z] Platform:      darwin
[debug] [2025-08-25T09:41:05.898Z] Node Version:  v22.18.0
[debug] [2025-08-25T09:41:05.898Z] Time:          Mon Aug 25 2025 12:41:05 GMT+0300 (East Africa Time)
[debug] [2025-08-25T09:41:05.899Z] ----------------------------------------------------------------------
[debug] 
[debug] [2025-08-25T09:41:05.906Z] > command requires scopes: ["email","openid","https://www.googleapis.com/auth/cloudplatformprojects.readonly","https://www.googleapis.com/auth/firebase","https://www.googleapis.com/auth/cloud-platform"]
[debug] [2025-08-25T09:41:05.907Z] > authorizing via signed-in user (rojdevensky@gmail.com)
[info] 
     ######## #### ########  ######## ########     ###     ######  ########
     ##        ##  ##     ## ##       ##     ##  ##   ##  ##       ##
     ######    ##  ########  ######   ########  #########  ######  ######
     ##        ##  ##    ##  ##       ##     ## ##     ##       ## ##
     ##       #### ##     ## ######## ########  ##     ##  ######  ########

You're about to initialize a Firebase project in this directory:

  /Users/Mukira/Downloads/animated-logo

[info] 
=== Project Setup
[info] 
[info] First, let's associate this project directory with a Firebase project.
[info] You can create multiple project aliases by running firebase use --add, 
[info] but for now we'll just set up a default project.
[info] 
[info] i  If you want to create a project in a Google Cloud organization or folder, please use "firebase projects:create" instead, and return to this command when you've created the project. 
[debug] [2025-08-25T09:41:18.796Z] > refreshing access token with scopes: []
[debug] [2025-08-25T09:41:18.799Z] >>> [apiv2][query] POST https://www.googleapis.com/oauth2/v3/token [none]
[debug] [2025-08-25T09:41:18.799Z] >>> [apiv2][body] POST https://www.googleapis.com/oauth2/v3/token [omitted]
[debug] [2025-08-25T09:41:19.195Z] <<< [apiv2][status] POST https://www.googleapis.com/oauth2/v3/token 400
[debug] [2025-08-25T09:41:19.195Z] <<< [apiv2][body] POST https://www.googleapis.com/oauth2/v3/token [omitted]
[debug] [2025-08-25T09:41:19.196Z] >>> [apiv2][query] POST https://cloudresourcemanager.googleapis.com/v1/projects [none]
[debug] [2025-08-25T09:41:19.196Z] >>> [apiv2][body] POST https://cloudresourcemanager.googleapis.com/v1/projects {"projectId":"lipagas-sign","name":"sign-lipagas"}
[debug] [2025-08-25T09:41:20.805Z] <<< [apiv2][status] POST https://cloudresourcemanager.googleapis.com/v1/projects 401
[debug] [2025-08-25T09:41:20.805Z] <<< [apiv2][body] POST https://cloudresourcemanager.googleapis.com/v1/projects {"error":{"code":401,"message":"Request had invalid authentication credentials. Expected OAuth 2 access token, login cookie or other valid authentication credential. See https://developers.google.com/identity/sign-in/web/devconsole-project.","status":"UNAUTHENTICATED","details":[{"@type":"type.googleapis.com/google.rpc.ErrorInfo","reason":"ACCESS_TOKEN_TYPE_UNSUPPORTED","metadata":{"service":"cloudresourcemanager.googleapis.com","method":"google.cloudresourcemanager.v1.Projects.CreateProject"}}]}}
[debug] [2025-08-25T09:41:21.089Z] FirebaseError: HTTP Error: 401, Request had invalid authentication credentials. Expected OAuth 2 access token, login cookie or other valid authentication credential. See https://developers.google.com/identity/sign-in/web/devconsole-project.
    at responseToError (/Users/Mukira/.nvm/versions/node/v18.20.4/lib/node_modules/firebase-tools/lib/responseToError.js:49:12)
    at RetryOperation._fn (/Users/Mukira/.nvm/versions/node/v18.20.4/lib/node_modules/firebase-tools/lib/apiv2.js:305:77)
    at process.processTicksAndRejections (node:internal/process/task_queues:105:5)
[error] 
[error] Error: Failed to create project. See firebase-debug.log for more info.
